<?xml version="1.0" encoding="UTF-8"?>
<!-- Generated by org.testng.reporters.JUnitReportReporter -->
<testsuite hostname="Karthick-Hariharan" failures="0" tests="4" name="first.Homepage" time="7.029" errors="0" timestamp="2020-07-21T20:02:10 IST" skipped="0">
  <testcase classname="first.Homepage" name="forgottenAccountPage" time="0.947"/>
  <system-out/>
  <testcase classname="first.Homepage" name="basePage" time="1.646"/>
  <system-out/>
  <testcase classname="first.Homepage" name="basePage" time="2.315"/>
  <system-out/>
  <testcase classname="first.Homepage" name="basePage" time="2.121"/>
  <system-out/>
</testsuite> <!-- first.Homepage -->
